This is pdfTeX, Version 3.14159265-2.6-1.40.16 (TeX Live 2015) (preloaded format=latex 2016.3.31)  2 APR 2016 23:19
entering extended mode
 restricted \write18 enabled.
 %&-line parsing enabled.
**make
(/usr/local/texlive/2015/texmf-dist/tex/latex/tools/q.tex
! Interruption.
<to be read again> 
                   \begingroup 
l.1 
    %%
? q
OK, entering \batchmode...
LaTeX2e <2016/02/01>
Babel <3.9q> and hyphenation patterns for 81 language(s) loaded.
 File ignored
)
! Emergency stop.
<*> make
        
*** (job aborted, no legal \end found)

 
Here is how much of TeX's memory you used:
 7 strings out of 493034
 258 string characters out of 6134165
 53489 words of memory out of 5000000
 3641 multiletter control sequences out of 15000+600000
 3640 words of font info for 14 fonts, out of 8000000 for 9000
 1141 hyphenation exceptions out of 8191
 5i,0n,1p,84b,8s stack positions out of 5000i,500n,10000p,200000b,80000s
No pages of output.
